<?xml version="1.0" encoding="UTF-8"?>
<!-- Generated by org.testng.reporters.JUnitReportReporter -->
<testsuite skipped="0" hostname="LAPTOP-70SUR60V" name="object_repository.AddToCartPage" tests="2" failures="0" timestamp="16 Jan 2022 15:14:25 GMT" time="51.218" errors="0">
  <testcase name="login" time="2.754" classname="object_repository.AddToCartPage"/>
  <testcase name="AddToCartPage" time="48.464" classname="object_repository.AddToCartPage"/>
</testsuite> <!-- object_repository.AddToCartPage -->
