<?xml version="1.0" encoding="UTF-8"?>
<!-- Generated by org.testng.reporters.JUnitReportReporter -->
<testsuite skipped="0" hostname="LAPTOP-70SUR60V" name="object_repository.LoginPage" tests="1" failures="0" timestamp="06 Jan 2022 17:18:38 GMT" time="6.304" errors="0">
  <testcase name="login" time="6.304" classname="object_repository.LoginPage"/>
</testsuite> <!-- object_repository.LoginPage -->
