<?xml version="1.0" encoding="UTF-8"?>
<!-- Generated by org.testng.reporters.JUnitReportReporter -->
<testsuite skipped="0" hostname="LAPTOP-70SUR60V" name="object_repository.CreateAccountPage" tests="1" failures="0" timestamp="15 Jan 2022 15:11:59 GMT" time="12.349" errors="0">
  <testcase name="createAccount" time="12.349" classname="object_repository.CreateAccountPage"/>
</testsuite> <!-- object_repository.CreateAccountPage -->
